0 info it worked if it ends with ok
1 verbose cli [ '/usr/bin/node', '/usr/bin/npm', 'rebuild' ]
2 info using npm@3.10.5
3 info using node@v4.4.3
4 info readInstalled object
5 verbose rebuild path, id [ '/home/root/.node_app_slot', 'sparkfunAdc@1.0.0' ]
6 verbose rebuild path, id [ '/home/root/.node_app_slot/node_modules/mraa', 'mraa@0.6.2' ]
7 verbose rebuild path, id [ '/home/root/.node_app_slot/node_modules/moment',
7 verbose rebuild   'moment@2.14.1' ]
8 verbose rebuild path, id [ '/home/root/.node_app_slot/node_modules/express',
8 verbose rebuild   'express@4.14.0' ]
9 verbose rebuild path, id [ '/home/root/.node_app_slot/node_modules/express/node_modules/accepts',
9 verbose rebuild   'accepts@1.3.3' ]
10 verbose rebuild path, id [ '/home/root/.node_app_slot/node_modules/express/node_modules/accepts/node_modules/mime-types',
10 verbose rebuild   'mime-types@2.1.11' ]
11 verbose rebuild path, id [ '/home/root/.node_app_slot/node_modules/express/node_modules/accepts/node_modules/mime-types/node_modules/mime-db',
11 verbose rebuild   'mime-db@1.23.0' ]
12 verbose rebuild path, id [ '/home/root/.node_app_slot/node_modules/express/node_modules/accepts/node_modules/negotiator',
12 verbose rebuild   'negotiator@0.6.1' ]
13 verbose rebuild path, id [ '/home/root/.node_app_slot/node_modules/express/node_modules/array-flatten',
13 verbose rebuild   'array-flatten@1.1.1' ]
14 verbose rebuild path, id [ '/home/root/.node_app_slot/node_modules/express/node_modules/content-disposition',
14 verbose rebuild   'content-disposition@0.5.1' ]
15 verbose rebuild path, id [ '/home/root/.node_app_slot/node_modules/express/node_modules/content-type',
15 verbose rebuild   'content-type@1.0.2' ]
16 verbose rebuild path, id [ '/home/root/.node_app_slot/node_modules/express/node_modules/cookie',
16 verbose rebuild   'cookie@0.3.1' ]
17 verbose rebuild path, id [ '/home/root/.node_app_slot/node_modules/express/node_modules/cookie-signature',
17 verbose rebuild   'cookie-signature@1.0.6' ]
18 verbose rebuild path, id [ '/home/root/.node_app_slot/node_modules/express/node_modules/debug',
18 verbose rebuild   'debug@2.2.0' ]
19 verbose rebuild path, id [ '/home/root/.node_app_slot/node_modules/express/node_modules/debug/node_modules/ms',
19 verbose rebuild   'ms@0.7.1' ]
20 verbose rebuild path, id [ '/home/root/.node_app_slot/node_modules/express/node_modules/depd',
20 verbose rebuild   'depd@1.1.0' ]
21 verbose rebuild path, id [ '/home/root/.node_app_slot/node_modules/express/node_modules/encodeurl',
21 verbose rebuild   'encodeurl@1.0.1' ]
22 verbose rebuild path, id [ '/home/root/.node_app_slot/node_modules/express/node_modules/escape-html',
22 verbose rebuild   'escape-html@1.0.3' ]
23 verbose rebuild path, id [ '/home/root/.node_app_slot/node_modules/express/node_modules/etag',
23 verbose rebuild   'etag@1.7.0' ]
24 verbose rebuild path, id [ '/home/root/.node_app_slot/node_modules/express/node_modules/finalhandler',
24 verbose rebuild   'finalhandler@0.5.0' ]
25 verbose rebuild path, id [ '/home/root/.node_app_slot/node_modules/express/node_modules/on-finished',
25 verbose rebuild   'on-finished@2.3.0' ]
26 verbose rebuild path, id [ '/home/root/.node_app_slot/node_modules/express/node_modules/on-finished/node_modules/ee-first',
26 verbose rebuild   'ee-first@1.1.1' ]
27 verbose rebuild path, id [ '/home/root/.node_app_slot/node_modules/express/node_modules/finalhandler/node_modules/statuses',
27 verbose rebuild   'statuses@1.3.0' ]
28 verbose rebuild path, id [ '/home/root/.node_app_slot/node_modules/express/node_modules/finalhandler/node_modules/unpipe',
28 verbose rebuild   'unpipe@1.0.0' ]
29 verbose rebuild path, id [ '/home/root/.node_app_slot/node_modules/express/node_modules/fresh',
29 verbose rebuild   'fresh@0.3.0' ]
30 verbose rebuild path, id [ '/home/root/.node_app_slot/node_modules/express/node_modules/merge-descriptors',
30 verbose rebuild   'merge-descriptors@1.0.1' ]
31 verbose rebuild path, id [ '/home/root/.node_app_slot/node_modules/express/node_modules/methods',
31 verbose rebuild   'methods@1.1.2' ]
32 verbose rebuild path, id [ '/home/root/.node_app_slot/node_modules/express/node_modules/parseurl',
32 verbose rebuild   'parseurl@1.3.1' ]
33 verbose rebuild path, id [ '/home/root/.node_app_slot/node_modules/express/node_modules/path-to-regexp',
33 verbose rebuild   'path-to-regexp@0.1.7' ]
34 verbose rebuild path, id [ '/home/root/.node_app_slot/node_modules/express/node_modules/proxy-addr',
34 verbose rebuild   'proxy-addr@1.1.2' ]
35 verbose rebuild path, id [ '/home/root/.node_app_slot/node_modules/express/node_modules/proxy-addr/node_modules/forwarded',
35 verbose rebuild   'forwarded@0.1.0' ]
36 verbose rebuild path, id [ '/home/root/.node_app_slot/node_modules/express/node_modules/proxy-addr/node_modules/ipaddr.js',
36 verbose rebuild   'ipaddr.js@1.1.1' ]
37 verbose rebuild path, id [ '/home/root/.node_app_slot/node_modules/express/node_modules/qs',
37 verbose rebuild   'qs@6.2.0' ]
38 verbose rebuild path, id [ '/home/root/.node_app_slot/node_modules/express/node_modules/range-parser',
38 verbose rebuild   'range-parser@1.2.0' ]
39 verbose rebuild path, id [ '/home/root/.node_app_slot/node_modules/express/node_modules/send',
39 verbose rebuild   'send@0.14.1' ]
40 verbose rebuild path, id [ '/home/root/.node_app_slot/node_modules/express/node_modules/send/node_modules/destroy',
40 verbose rebuild   'destroy@1.0.4' ]
41 verbose rebuild path, id [ '/home/root/.node_app_slot/node_modules/express/node_modules/send/node_modules/http-errors',
41 verbose rebuild   'http-errors@1.5.0' ]
42 verbose rebuild path, id [ '/home/root/.node_app_slot/node_modules/express/node_modules/send/node_modules/http-errors/node_modules/inherits',
42 verbose rebuild   'inherits@2.0.1' ]
43 verbose rebuild path, id [ '/home/root/.node_app_slot/node_modules/express/node_modules/send/node_modules/http-errors/node_modules/setprototypeof',
43 verbose rebuild   'setprototypeof@1.0.1' ]
44 verbose rebuild path, id [ '/home/root/.node_app_slot/node_modules/express/node_modules/send/node_modules/statuses',
44 verbose rebuild   'statuses@1.3.0' ]
45 verbose rebuild path, id [ '/home/root/.node_app_slot/node_modules/express/node_modules/send/node_modules/mime',
45 verbose rebuild   'mime@1.3.4' ]
46 verbose rebuild path, id [ '/home/root/.node_app_slot/node_modules/express/node_modules/send/node_modules/ms',
46 verbose rebuild   'ms@0.7.1' ]
47 verbose rebuild path, id [ '/home/root/.node_app_slot/node_modules/express/node_modules/serve-static',
47 verbose rebuild   'serve-static@1.11.1' ]
48 verbose rebuild path, id [ '/home/root/.node_app_slot/node_modules/express/node_modules/type-is',
48 verbose rebuild   'type-is@1.6.13' ]
49 verbose rebuild path, id [ '/home/root/.node_app_slot/node_modules/express/node_modules/type-is/node_modules/media-typer',
49 verbose rebuild   'media-typer@0.3.0' ]
50 verbose rebuild path, id [ '/home/root/.node_app_slot/node_modules/express/node_modules/type-is/node_modules/mime-types',
50 verbose rebuild   'mime-types@2.1.11' ]
51 verbose rebuild path, id [ '/home/root/.node_app_slot/node_modules/express/node_modules/type-is/node_modules/mime-types/node_modules/mime-db',
51 verbose rebuild   'mime-db@1.23.0' ]
52 verbose rebuild path, id [ '/home/root/.node_app_slot/node_modules/express/node_modules/utils-merge',
52 verbose rebuild   'utils-merge@1.0.0' ]
53 verbose rebuild path, id [ '/home/root/.node_app_slot/node_modules/express/node_modules/vary',
53 verbose rebuild   'vary@1.1.0' ]
54 verbose rebuild path, id [ '/home/root/.node_app_slot/node_modules/superagent',
54 verbose rebuild   'superagent@1.8.3' ]
55 verbose rebuild path, id [ '/home/root/.node_app_slot/node_modules/superagent/node_modules/qs',
55 verbose rebuild   'qs@2.3.3' ]
56 verbose rebuild path, id [ '/home/root/.node_app_slot/node_modules/superagent/node_modules/formidable',
56 verbose rebuild   'formidable@1.0.17' ]
57 verbose rebuild path, id [ '/home/root/.node_app_slot/node_modules/superagent/node_modules/mime',
57 verbose rebuild   'mime@1.3.4' ]
58 verbose rebuild path, id [ '/home/root/.node_app_slot/node_modules/superagent/node_modules/component-emitter',
58 verbose rebuild   'component-emitter@1.2.1' ]
59 verbose rebuild path, id [ '/home/root/.node_app_slot/node_modules/superagent/node_modules/methods',
59 verbose rebuild   'methods@1.1.2' ]
60 verbose rebuild path, id [ '/home/root/.node_app_slot/node_modules/superagent/node_modules/cookiejar',
60 verbose rebuild   'cookiejar@2.0.6' ]
61 verbose rebuild path, id [ '/home/root/.node_app_slot/node_modules/superagent/node_modules/debug',
61 verbose rebuild   'debug@2.2.0' ]
62 verbose rebuild path, id [ '/home/root/.node_app_slot/node_modules/superagent/node_modules/debug/node_modules/ms',
62 verbose rebuild   'ms@0.7.1' ]
63 verbose rebuild path, id [ '/home/root/.node_app_slot/node_modules/superagent/node_modules/reduce-component',
63 verbose rebuild   'reduce-component@1.0.1' ]
64 verbose rebuild path, id [ '/home/root/.node_app_slot/node_modules/superagent/node_modules/extend',
64 verbose rebuild   'extend@3.0.0' ]
65 verbose rebuild path, id [ '/home/root/.node_app_slot/node_modules/superagent/node_modules/form-data',
65 verbose rebuild   'form-data@1.0.0-rc3' ]
66 verbose rebuild path, id [ '/home/root/.node_app_slot/node_modules/superagent/node_modules/form-data/node_modules/async',
66 verbose rebuild   'async@1.5.2' ]
67 verbose rebuild path, id [ '/home/root/.node_app_slot/node_modules/superagent/node_modules/form-data/node_modules/combined-stream',
67 verbose rebuild   'combined-stream@1.0.5' ]
68 verbose rebuild path, id [ '/home/root/.node_app_slot/node_modules/superagent/node_modules/form-data/node_modules/combined-stream/node_modules/delayed-stream',
68 verbose rebuild   'delayed-stream@1.0.0' ]
69 verbose rebuild path, id [ '/home/root/.node_app_slot/node_modules/superagent/node_modules/form-data/node_modules/mime-types',
69 verbose rebuild   'mime-types@2.1.11' ]
70 verbose rebuild path, id [ '/home/root/.node_app_slot/node_modules/superagent/node_modules/form-data/node_modules/mime-types/node_modules/mime-db',
70 verbose rebuild   'mime-db@1.23.0' ]
71 verbose rebuild path, id [ '/home/root/.node_app_slot/node_modules/superagent/node_modules/readable-stream',
71 verbose rebuild   'readable-stream@1.0.27-1' ]
72 verbose rebuild path, id [ '/home/root/.node_app_slot/node_modules/superagent/node_modules/readable-stream/node_modules/core-util-is',
72 verbose rebuild   'core-util-is@1.0.2' ]
73 verbose rebuild path, id [ '/home/root/.node_app_slot/node_modules/superagent/node_modules/readable-stream/node_modules/isarray',
73 verbose rebuild   'isarray@0.0.1' ]
74 verbose rebuild path, id [ '/home/root/.node_app_slot/node_modules/superagent/node_modules/readable-stream/node_modules/string_decoder',
74 verbose rebuild   'string_decoder@0.10.31' ]
75 verbose rebuild path, id [ '/home/root/.node_app_slot/node_modules/superagent/node_modules/readable-stream/node_modules/inherits',
75 verbose rebuild   'inherits@2.0.1' ]
76 verbose rebuild path, id [ '/home/root/.node_app_slot/node_modules/mqtt', 'mqtt@1.13.0' ]
77 verbose rebuild path, id [ '/home/root/.node_app_slot/node_modules/mqtt/node_modules/commist',
77 verbose rebuild   'commist@1.0.0' ]
78 verbose rebuild path, id [ '/home/root/.node_app_slot/node_modules/mqtt/node_modules/commist/node_modules/leven',
78 verbose rebuild   'leven@1.0.2' ]
79 verbose rebuild path, id [ '/home/root/.node_app_slot/node_modules/mqtt/node_modules/minimist',
79 verbose rebuild   'minimist@1.2.0' ]
80 verbose rebuild path, id [ '/home/root/.node_app_slot/node_modules/mqtt/node_modules/concat-stream',
80 verbose rebuild   'concat-stream@1.5.1' ]
81 verbose rebuild path, id [ '/home/root/.node_app_slot/node_modules/mqtt/node_modules/inherits',
81 verbose rebuild   'inherits@2.0.1' ]
82 verbose rebuild path, id [ '/home/root/.node_app_slot/node_modules/mqtt/node_modules/concat-stream/node_modules/typedarray',
82 verbose rebuild   'typedarray@0.0.6' ]
83 verbose rebuild path, id [ '/home/root/.node_app_slot/node_modules/mqtt/node_modules/concat-stream/node_modules/readable-stream',
83 verbose rebuild   'readable-stream@2.0.6' ]
84 verbose rebuild path, id [ '/home/root/.node_app_slot/node_modules/mqtt/node_modules/concat-stream/node_modules/readable-stream/node_modules/core-util-is',
84 verbose rebuild   'core-util-is@1.0.2' ]
85 verbose rebuild path, id [ '/home/root/.node_app_slot/node_modules/mqtt/node_modules/concat-stream/node_modules/readable-stream/node_modules/isarray',
85 verbose rebuild   'isarray@1.0.0' ]
86 verbose rebuild path, id [ '/home/root/.node_app_slot/node_modules/mqtt/node_modules/concat-stream/node_modules/readable-stream/node_modules/process-nextick-args',
86 verbose rebuild   'process-nextick-args@1.0.7' ]
87 verbose rebuild path, id [ '/home/root/.node_app_slot/node_modules/mqtt/node_modules/concat-stream/node_modules/readable-stream/node_modules/string_decoder',
87 verbose rebuild   'string_decoder@0.10.31' ]
88 verbose rebuild path, id [ '/home/root/.node_app_slot/node_modules/mqtt/node_modules/concat-stream/node_modules/readable-stream/node_modules/util-deprecate',
88 verbose rebuild   'util-deprecate@1.0.2' ]
89 verbose rebuild path, id [ '/home/root/.node_app_slot/node_modules/mqtt/node_modules/end-of-stream',
89 verbose rebuild   'end-of-stream@1.1.0' ]
90 verbose rebuild path, id [ '/home/root/.node_app_slot/node_modules/mqtt/node_modules/end-of-stream/node_modules/once',
90 verbose rebuild   'once@1.3.3' ]
91 verbose rebuild path, id [ '/home/root/.node_app_slot/node_modules/mqtt/node_modules/end-of-stream/node_modules/once/node_modules/wrappy',
91 verbose rebuild   'wrappy@1.0.2' ]
92 verbose rebuild path, id [ '/home/root/.node_app_slot/node_modules/mqtt/node_modules/help-me',
92 verbose rebuild   'help-me@0.1.0' ]
93 verbose rebuild path, id [ '/home/root/.node_app_slot/node_modules/mqtt/node_modules/pump',
93 verbose rebuild   'pump@1.0.1' ]
94 verbose rebuild path, id [ '/home/root/.node_app_slot/node_modules/mqtt/node_modules/pump/node_modules/once',
94 verbose rebuild   'once@1.3.3' ]
95 verbose rebuild path, id [ '/home/root/.node_app_slot/node_modules/mqtt/node_modules/pump/node_modules/once/node_modules/wrappy',
95 verbose rebuild   'wrappy@1.0.2' ]
96 verbose rebuild path, id [ '/home/root/.node_app_slot/node_modules/mqtt/node_modules/readable-stream',
96 verbose rebuild   'readable-stream@1.0.34' ]
97 verbose rebuild path, id [ '/home/root/.node_app_slot/node_modules/mqtt/node_modules/readable-stream/node_modules/core-util-is',
97 verbose rebuild   'core-util-is@1.0.2' ]
98 verbose rebuild path, id [ '/home/root/.node_app_slot/node_modules/mqtt/node_modules/readable-stream/node_modules/isarray',
98 verbose rebuild   'isarray@0.0.1' ]
99 verbose rebuild path, id [ '/home/root/.node_app_slot/node_modules/mqtt/node_modules/readable-stream/node_modules/string_decoder',
99 verbose rebuild   'string_decoder@0.10.31' ]
100 verbose rebuild path, id [ '/home/root/.node_app_slot/node_modules/mqtt/node_modules/xtend',
100 verbose rebuild   'xtend@4.0.1' ]
101 verbose rebuild path, id [ '/home/root/.node_app_slot/node_modules/mqtt/node_modules/mqtt-connection',
101 verbose rebuild   'mqtt-connection@2.1.1' ]
102 verbose rebuild path, id [ '/home/root/.node_app_slot/node_modules/mqtt/node_modules/mqtt-packet',
102 verbose rebuild   'mqtt-packet@3.4.7' ]
103 verbose rebuild path, id [ '/home/root/.node_app_slot/node_modules/mqtt/node_modules/mqtt-packet/node_modules/bl',
103 verbose rebuild   'bl@0.9.5' ]
104 verbose rebuild path, id [ '/home/root/.node_app_slot/node_modules/mqtt/node_modules/mqtt-connection/node_modules/reduplexer',
104 verbose rebuild   'reduplexer@1.1.0' ]
105 verbose rebuild path, id [ '/home/root/.node_app_slot/node_modules/mqtt/node_modules/mqtt-connection/node_modules/through2',
105 verbose rebuild   'through2@0.6.5' ]
106 verbose rebuild path, id [ '/home/root/.node_app_slot/node_modules/mqtt/node_modules/reinterval',
106 verbose rebuild   'reinterval@1.1.0' ]
107 verbose rebuild path, id [ '/home/root/.node_app_slot/node_modules/mqtt/node_modules/split2',
107 verbose rebuild   'split2@2.1.0' ]
108 verbose rebuild path, id [ '/home/root/.node_app_slot/node_modules/mqtt/node_modules/split2/node_modules/through2',
108 verbose rebuild   'through2@2.0.1' ]
109 verbose rebuild path, id [ '/home/root/.node_app_slot/node_modules/mqtt/node_modules/split2/node_modules/through2/node_modules/readable-stream',
109 verbose rebuild   'readable-stream@2.0.6' ]
110 verbose rebuild path, id [ '/home/root/.node_app_slot/node_modules/mqtt/node_modules/split2/node_modules/through2/node_modules/readable-stream/node_modules/core-util-is',
110 verbose rebuild   'core-util-is@1.0.2' ]
111 verbose rebuild path, id [ '/home/root/.node_app_slot/node_modules/mqtt/node_modules/split2/node_modules/through2/node_modules/readable-stream/node_modules/isarray',
111 verbose rebuild   'isarray@1.0.0' ]
112 verbose rebuild path, id [ '/home/root/.node_app_slot/node_modules/mqtt/node_modules/split2/node_modules/through2/node_modules/readable-stream/node_modules/process-nextick-args',
112 verbose rebuild   'process-nextick-args@1.0.7' ]
113 verbose rebuild path, id [ '/home/root/.node_app_slot/node_modules/mqtt/node_modules/split2/node_modules/through2/node_modules/readable-stream/node_modules/string_decoder',
113 verbose rebuild   'string_decoder@0.10.31' ]
114 verbose rebuild path, id [ '/home/root/.node_app_slot/node_modules/mqtt/node_modules/split2/node_modules/through2/node_modules/readable-stream/node_modules/util-deprecate',
114 verbose rebuild   'util-deprecate@1.0.2' ]
115 verbose rebuild path, id [ '/home/root/.node_app_slot/node_modules/mqtt/node_modules/websocket-stream',
115 verbose rebuild   'websocket-stream@3.2.1' ]
116 verbose rebuild path, id [ '/home/root/.node_app_slot/node_modules/mqtt/node_modules/websocket-stream/node_modules/duplexify',
116 verbose rebuild   'duplexify@3.4.5' ]
117 verbose rebuild path, id [ '/home/root/.node_app_slot/node_modules/mqtt/node_modules/websocket-stream/node_modules/duplexify/node_modules/end-of-stream',
117 verbose rebuild   'end-of-stream@1.0.0' ]
118 verbose rebuild path, id [ '/home/root/.node_app_slot/node_modules/mqtt/node_modules/websocket-stream/node_modules/duplexify/node_modules/end-of-stream/node_modules/once',
118 verbose rebuild   'once@1.3.3' ]
119 verbose rebuild path, id [ '/home/root/.node_app_slot/node_modules/mqtt/node_modules/websocket-stream/node_modules/duplexify/node_modules/end-of-stream/node_modules/once/node_modules/wrappy',
119 verbose rebuild   'wrappy@1.0.2' ]
120 verbose rebuild path, id [ '/home/root/.node_app_slot/node_modules/mqtt/node_modules/websocket-stream/node_modules/duplexify/node_modules/readable-stream',
120 verbose rebuild   'readable-stream@2.1.4' ]
121 verbose rebuild path, id [ '/home/root/.node_app_slot/node_modules/mqtt/node_modules/websocket-stream/node_modules/duplexify/node_modules/readable-stream/node_modules/buffer-shims',
121 verbose rebuild   'buffer-shims@1.0.0' ]
122 verbose rebuild path, id [ '/home/root/.node_app_slot/node_modules/mqtt/node_modules/websocket-stream/node_modules/duplexify/node_modules/readable-stream/node_modules/core-util-is',
122 verbose rebuild   'core-util-is@1.0.2' ]
123 verbose rebuild path, id [ '/home/root/.node_app_slot/node_modules/mqtt/node_modules/websocket-stream/node_modules/duplexify/node_modules/readable-stream/node_modules/isarray',
123 verbose rebuild   'isarray@1.0.0' ]
124 verbose rebuild path, id [ '/home/root/.node_app_slot/node_modules/mqtt/node_modules/websocket-stream/node_modules/duplexify/node_modules/readable-stream/node_modules/process-nextick-args',
124 verbose rebuild   'process-nextick-args@1.0.7' ]
125 verbose rebuild path, id [ '/home/root/.node_app_slot/node_modules/mqtt/node_modules/websocket-stream/node_modules/duplexify/node_modules/readable-stream/node_modules/string_decoder',
125 verbose rebuild   'string_decoder@0.10.31' ]
126 verbose rebuild path, id [ '/home/root/.node_app_slot/node_modules/mqtt/node_modules/websocket-stream/node_modules/duplexify/node_modules/readable-stream/node_modules/util-deprecate',
126 verbose rebuild   'util-deprecate@1.0.2' ]
127 verbose rebuild path, id [ '/home/root/.node_app_slot/node_modules/mqtt/node_modules/websocket-stream/node_modules/duplexify/node_modules/stream-shift',
127 verbose rebuild   'stream-shift@1.0.0' ]
128 verbose rebuild path, id [ '/home/root/.node_app_slot/node_modules/mqtt/node_modules/websocket-stream/node_modules/through2',
128 verbose rebuild   'through2@2.0.1' ]
129 verbose rebuild path, id [ '/home/root/.node_app_slot/node_modules/mqtt/node_modules/websocket-stream/node_modules/through2/node_modules/readable-stream',
129 verbose rebuild   'readable-stream@2.0.6' ]
130 verbose rebuild path, id [ '/home/root/.node_app_slot/node_modules/mqtt/node_modules/websocket-stream/node_modules/through2/node_modules/readable-stream/node_modules/core-util-is',
130 verbose rebuild   'core-util-is@1.0.2' ]
131 verbose rebuild path, id [ '/home/root/.node_app_slot/node_modules/mqtt/node_modules/websocket-stream/node_modules/through2/node_modules/readable-stream/node_modules/isarray',
131 verbose rebuild   'isarray@1.0.0' ]
132 verbose rebuild path, id [ '/home/root/.node_app_slot/node_modules/mqtt/node_modules/websocket-stream/node_modules/through2/node_modules/readable-stream/node_modules/process-nextick-args',
132 verbose rebuild   'process-nextick-args@1.0.7' ]
133 verbose rebuild path, id [ '/home/root/.node_app_slot/node_modules/mqtt/node_modules/websocket-stream/node_modules/through2/node_modules/readable-stream/node_modules/string_decoder',
133 verbose rebuild   'string_decoder@0.10.31' ]
134 verbose rebuild path, id [ '/home/root/.node_app_slot/node_modules/mqtt/node_modules/websocket-stream/node_modules/through2/node_modules/readable-stream/node_modules/util-deprecate',
134 verbose rebuild   'util-deprecate@1.0.2' ]
135 verbose rebuild path, id [ '/home/root/.node_app_slot/node_modules/mqtt/node_modules/websocket-stream/node_modules/ws',
135 verbose rebuild   'ws@1.1.1' ]
136 verbose rebuild path, id [ '/home/root/.node_app_slot/node_modules/mqtt/node_modules/websocket-stream/node_modules/ws/node_modules/options',
136 verbose rebuild   'options@0.0.6' ]
137 verbose rebuild path, id [ '/home/root/.node_app_slot/node_modules/mqtt/node_modules/websocket-stream/node_modules/ws/node_modules/ultron',
137 verbose rebuild   'ultron@1.0.2' ]
138 silly rebuild set [ '/home/root/.node_app_slot/node_modules/mraa',
138 silly rebuild set   '/home/root/.node_app_slot/node_modules/moment',
138 silly rebuild set   '/home/root/.node_app_slot/node_modules/express',
138 silly rebuild set   '/home/root/.node_app_slot/node_modules/express/node_modules/accepts',
138 silly rebuild set   '/home/root/.node_app_slot/node_modules/express/node_modules/accepts/node_modules/mime-types',
138 silly rebuild set   '/home/root/.node_app_slot/node_modules/express/node_modules/accepts/node_modules/mime-types/node_modules/mime-db',
138 silly rebuild set   '/home/root/.node_app_slot/node_modules/express/node_modules/accepts/node_modules/negotiator',
138 silly rebuild set   '/home/root/.node_app_slot/node_modules/express/node_modules/array-flatten',
138 silly rebuild set   '/home/root/.node_app_slot/node_modules/express/node_modules/content-disposition',
138 silly rebuild set   '/home/root/.node_app_slot/node_modules/express/node_modules/content-type',
138 silly rebuild set   '/home/root/.node_app_slot/node_modules/express/node_modules/cookie',
138 silly rebuild set   '/home/root/.node_app_slot/node_modules/express/node_modules/cookie-signature',
138 silly rebuild set   '/home/root/.node_app_slot/node_modules/express/node_modules/debug',
138 silly rebuild set   '/home/root/.node_app_slot/node_modules/express/node_modules/debug/node_modules/ms',
138 silly rebuild set   '/home/root/.node_app_slot/node_modules/express/node_modules/depd',
138 silly rebuild set   '/home/root/.node_app_slot/node_modules/express/node_modules/encodeurl',
138 silly rebuild set   '/home/root/.node_app_slot/node_modules/express/node_modules/escape-html',
138 silly rebuild set   '/home/root/.node_app_slot/node_modules/express/node_modules/etag',
138 silly rebuild set   '/home/root/.node_app_slot/node_modules/express/node_modules/finalhandler',
138 silly rebuild set   '/home/root/.node_app_slot/node_modules/express/node_modules/on-finished',
138 silly rebuild set   '/home/root/.node_app_slot/node_modules/express/node_modules/on-finished/node_modules/ee-first',
138 silly rebuild set   '/home/root/.node_app_slot/node_modules/express/node_modules/finalhandler/node_modules/statuses',
138 silly rebuild set   '/home/root/.node_app_slot/node_modules/express/node_modules/finalhandler/node_modules/unpipe',
138 silly rebuild set   '/home/root/.node_app_slot/node_modules/express/node_modules/fresh',
138 silly rebuild set   '/home/root/.node_app_slot/node_modules/express/node_modules/merge-descriptors',
138 silly rebuild set   '/home/root/.node_app_slot/node_modules/express/node_modules/methods',
138 silly rebuild set   '/home/root/.node_app_slot/node_modules/express/node_modules/parseurl',
138 silly rebuild set   '/home/root/.node_app_slot/node_modules/express/node_modules/path-to-regexp',
138 silly rebuild set   '/home/root/.node_app_slot/node_modules/express/node_modules/proxy-addr',
138 silly rebuild set   '/home/root/.node_app_slot/node_modules/express/node_modules/proxy-addr/node_modules/forwarded',
138 silly rebuild set   '/home/root/.node_app_slot/node_modules/express/node_modules/proxy-addr/node_modules/ipaddr.js',
138 silly rebuild set   '/home/root/.node_app_slot/node_modules/express/node_modules/qs',
138 silly rebuild set   '/home/root/.node_app_slot/node_modules/express/node_modules/range-parser',
138 silly rebuild set   '/home/root/.node_app_slot/node_modules/express/node_modules/send',
138 silly rebuild set   '/home/root/.node_app_slot/node_modules/express/node_modules/send/node_modules/destroy',
138 silly rebuild set   '/home/root/.node_app_slot/node_modules/express/node_modules/send/node_modules/http-errors',
138 silly rebuild set   '/home/root/.node_app_slot/node_modules/express/node_modules/send/node_modules/http-errors/node_modules/inherits',
138 silly rebuild set   '/home/root/.node_app_slot/node_modules/express/node_modules/send/node_modules/http-errors/node_modules/setprototypeof',
138 silly rebuild set   '/home/root/.node_app_slot/node_modules/express/node_modules/send/node_modules/statuses',
138 silly rebuild set   '/home/root/.node_app_slot/node_modules/express/node_modules/send/node_modules/mime',
138 silly rebuild set   '/home/root/.node_app_slot/node_modules/express/node_modules/send/node_modules/ms',
138 silly rebuild set   '/home/root/.node_app_slot/node_modules/express/node_modules/serve-static',
138 silly rebuild set   '/home/root/.node_app_slot/node_modules/express/node_modules/type-is',
138 silly rebuild set   '/home/root/.node_app_slot/node_modules/express/node_modules/type-is/node_modules/media-typer',
138 silly rebuild set   '/home/root/.node_app_slot/node_modules/express/node_modules/type-is/node_modules/mime-types',
138 silly rebuild set   '/home/root/.node_app_slot/node_modules/express/node_modules/type-is/node_modules/mime-types/node_modules/mime-db',
138 silly rebuild set   '/home/root/.node_app_slot/node_modules/express/node_modules/utils-merge',
138 silly rebuild set   '/home/root/.node_app_slot/node_modules/express/node_modules/vary',
138 silly rebuild set   '/home/root/.node_app_slot/node_modules/superagent',
138 silly rebuild set   '/home/root/.node_app_slot/node_modules/superagent/node_modules/qs',
138 silly rebuild set   '/home/root/.node_app_slot/node_modules/superagent/node_modules/formidable',
138 silly rebuild set   '/home/root/.node_app_slot/node_modules/superagent/node_modules/mime',
138 silly rebuild set   '/home/root/.node_app_slot/node_modules/superagent/node_modules/component-emitter',
138 silly rebuild set   '/home/root/.node_app_slot/node_modules/superagent/node_modules/methods',
138 silly rebuild set   '/home/root/.node_app_slot/node_modules/superagent/node_modules/cookiejar',
138 silly rebuild set   '/home/root/.node_app_slot/node_modules/superagent/node_modules/debug',
138 silly rebuild set   '/home/root/.node_app_slot/node_modules/superagent/node_modules/debug/node_modules/ms',
138 silly rebuild set   '/home/root/.node_app_slot/node_modules/superagent/node_modules/reduce-component',
138 silly rebuild set   '/home/root/.node_app_slot/node_modules/superagent/node_modules/extend',
138 silly rebuild set   '/home/root/.node_app_slot/node_modules/superagent/node_modules/form-data',
138 silly rebuild set   '/home/root/.node_app_slot/node_modules/superagent/node_modules/form-data/node_modules/async',
138 silly rebuild set   '/home/root/.node_app_slot/node_modules/superagent/node_modules/form-data/node_modules/combined-stream',
138 silly rebuild set   '/home/root/.node_app_slot/node_modules/superagent/node_modules/form-data/node_modules/combined-stream/node_modules/delayed-stream',
138 silly rebuild set   '/home/root/.node_app_slot/node_modules/superagent/node_modules/form-data/node_modules/mime-types',
138 silly rebuild set   '/home/root/.node_app_slot/node_modules/superagent/node_modules/form-data/node_modules/mime-types/node_modules/mime-db',
138 silly rebuild set   '/home/root/.node_app_slot/node_modules/superagent/node_modules/readable-stream',
138 silly rebuild set   '/home/root/.node_app_slot/node_modules/superagent/node_modules/readable-stream/node_modules/core-util-is',
138 silly rebuild set   '/home/root/.node_app_slot/node_modules/superagent/node_modules/readable-stream/node_modules/isarray',
138 silly rebuild set   '/home/root/.node_app_slot/node_modules/superagent/node_modules/readable-stream/node_modules/string_decoder',
138 silly rebuild set   '/home/root/.node_app_slot/node_modules/superagent/node_modules/readable-stream/node_modules/inherits',
138 silly rebuild set   '/home/root/.node_app_slot/node_modules/mqtt',
138 silly rebuild set   '/home/root/.node_app_slot/node_modules/mqtt/node_modules/commist',
138 silly rebuild set   '/home/root/.node_app_slot/node_modules/mqtt/node_modules/commist/node_modules/leven',
138 silly rebuild set   '/home/root/.node_app_slot/node_modules/mqtt/node_modules/minimist',
138 silly rebuild set   '/home/root/.node_app_slot/node_modules/mqtt/node_modules/concat-stream',
138 silly rebuild set   '/home/root/.node_app_slot/node_modules/mqtt/node_modules/inherits',
138 silly rebuild set   '/home/root/.node_app_slot/node_modules/mqtt/node_modules/concat-stream/node_modules/typedarray',
138 silly rebuild set   '/home/root/.node_app_slot/node_modules/mqtt/node_modules/concat-stream/node_modules/readable-stream',
138 silly rebuild set   '/home/root/.node_app_slot/node_modules/mqtt/node_modules/concat-stream/node_modules/readable-stream/node_modules/core-util-is',
138 silly rebuild set   '/home/root/.node_app_slot/node_modules/mqtt/node_modules/concat-stream/node_modules/readable-stream/node_modules/isarray',
138 silly rebuild set   '/home/root/.node_app_slot/node_modules/mqtt/node_modules/concat-stream/node_modules/readable-stream/node_modules/process-nextick-args',
138 silly rebuild set   '/home/root/.node_app_slot/node_modules/mqtt/node_modules/concat-stream/node_modules/readable-stream/node_modules/string_decoder',
138 silly rebuild set   '/home/root/.node_app_slot/node_modules/mqtt/node_modules/concat-stream/node_modules/readable-stream/node_modules/util-deprecate',
138 silly rebuild set   '/home/root/.node_app_slot/node_modules/mqtt/node_modules/end-of-stream',
138 silly rebuild set   '/home/root/.node_app_slot/node_modules/mqtt/node_modules/end-of-stream/node_modules/once',
138 silly rebuild set   '/home/root/.node_app_slot/node_modules/mqtt/node_modules/end-of-stream/node_modules/once/node_modules/wrappy',
138 silly rebuild set   '/home/root/.node_app_slot/node_modules/mqtt/node_modules/help-me',
138 silly rebuild set   '/home/root/.node_app_slot/node_modules/mqtt/node_modules/pump',
138 silly rebuild set   '/home/root/.node_app_slot/node_modules/mqtt/node_modules/pump/node_modules/once',
138 silly rebuild set   '/home/root/.node_app_slot/node_modules/mqtt/node_modules/pump/node_modules/once/node_modules/wrappy',
138 silly rebuild set   '/home/root/.node_app_slot/node_modules/mqtt/node_modules/readable-stream',
138 silly rebuild set   '/home/root/.node_app_slot/node_modules/mqtt/node_modules/readable-stream/node_modules/core-util-is',
138 silly rebuild set   '/home/root/.node_app_slot/node_modules/mqtt/node_modules/readable-stream/node_modules/isarray',
138 silly rebuild set   '/home/root/.node_app_slot/node_modules/mqtt/node_modules/readable-stream/node_modules/string_decoder',
138 silly rebuild set   '/home/root/.node_app_slot/node_modules/mqtt/node_modules/xtend',
138 silly rebuild set   '/home/root/.node_app_slot/node_modules/mqtt/node_modules/mqtt-connection',
138 silly rebuild set   '/home/root/.node_app_slot/node_modules/mqtt/node_modules/mqtt-packet',
138 silly rebuild set   '/home/root/.node_app_slot/node_modules/mqtt/node_modules/mqtt-packet/node_modules/bl',
138 silly rebuild set   '/home/root/.node_app_slot/node_modules/mqtt/node_modules/mqtt-connection/node_modules/reduplexer',
138 silly rebuild set   '/home/root/.node_app_slot/node_modules/mqtt/node_modules/mqtt-connection/node_modules/through2',
138 silly rebuild set   '/home/root/.node_app_slot/node_modules/mqtt/node_modules/reinterval',
138 silly rebuild set   '/home/root/.node_app_slot/node_modules/mqtt/node_modules/split2',
138 silly rebuild set   '/home/root/.node_app_slot/node_modules/mqtt/node_modules/split2/node_modules/through2',
138 silly rebuild set   '/home/root/.node_app_slot/node_modules/mqtt/node_modules/split2/node_modules/through2/node_modules/readable-stream',
138 silly rebuild set   '/home/root/.node_app_slot/node_modules/mqtt/node_modules/split2/node_modules/through2/node_modules/readable-stream/node_modules/core-util-is',
138 silly rebuild set   '/home/root/.node_app_slot/node_modules/mqtt/node_modules/split2/node_modules/through2/node_modules/readable-stream/node_modules/isarray',
138 silly rebuild set   '/home/root/.node_app_slot/node_modules/mqtt/node_modules/split2/node_modules/through2/node_modules/readable-stream/node_modules/process-nextick-args',
138 silly rebuild set   '/home/root/.node_app_slot/node_modules/mqtt/node_modules/split2/node_modules/through2/node_modules/readable-stream/node_modules/string_decoder',
138 silly rebuild set   '/home/root/.node_app_slot/node_modules/mqtt/node_modules/split2/node_modules/through2/node_modules/readable-stream/node_modules/util-deprecate',
138 silly rebuild set   '/home/root/.node_app_slot/node_modules/mqtt/node_modules/websocket-stream',
138 silly rebuild set   '/home/root/.node_app_slot/node_modules/mqtt/node_modules/websocket-stream/node_modules/duplexify',
138 silly rebuild set   '/home/root/.node_app_slot/node_modules/mqtt/node_modules/websocket-stream/node_modules/duplexify/node_modules/end-of-stream',
138 silly rebuild set   '/home/root/.node_app_slot/node_modules/mqtt/node_modules/websocket-stream/node_modules/duplexify/node_modules/end-of-stream/node_modules/once',
138 silly rebuild set   '/home/root/.node_app_slot/node_modules/mqtt/node_modules/websocket-stream/node_modules/duplexify/node_modules/end-of-stream/node_modules/once/node_modules/wrappy',
138 silly rebuild set   '/home/root/.node_app_slot/node_modules/mqtt/node_modules/websocket-stream/node_modules/duplexify/node_modules/readable-stream',
138 silly rebuild set   '/home/root/.node_app_slot/node_modules/mqtt/node_modules/websocket-stream/node_modules/duplexify/node_modules/readable-stream/node_modules/buffer-shims',
138 silly rebuild set   '/home/root/.node_app_slot/node_modules/mqtt/node_modules/websocket-stream/node_modules/duplexify/node_modules/readable-stream/node_modules/core-util-is',
138 silly rebuild set   '/home/root/.node_app_slot/node_modules/mqtt/node_modules/websocket-stream/node_modules/duplexify/node_modules/readable-stream/node_modules/isarray',
138 silly rebuild set   '/home/root/.node_app_slot/node_modules/mqtt/node_modules/websocket-stream/node_modules/duplexify/node_modules/readable-stream/node_modules/process-nextick-args',
138 silly rebuild set   '/home/root/.node_app_slot/node_modules/mqtt/node_modules/websocket-stream/node_modules/duplexify/node_modules/readable-stream/node_modules/string_decoder',
138 silly rebuild set   '/home/root/.node_app_slot/node_modules/mqtt/node_modules/websocket-stream/node_modules/duplexify/node_modules/readable-stream/node_modules/util-deprecate',
138 silly rebuild set   '/home/root/.node_app_slot/node_modules/mqtt/node_modules/websocket-stream/node_modules/duplexify/node_modules/stream-shift',
138 silly rebuild set   '/home/root/.node_app_slot/node_modules/mqtt/node_modules/websocket-stream/node_modules/through2',
138 silly rebuild set   '/home/root/.node_app_slot/node_modules/mqtt/node_modules/websocket-stream/node_modules/through2/node_modules/readable-stream',
138 silly rebuild set   '/home/root/.node_app_slot/node_modules/mqtt/node_modules/websocket-stream/node_modules/through2/node_modules/readable-stream/node_modules/core-util-is',
138 silly rebuild set   '/home/root/.node_app_slot/node_modules/mqtt/node_modules/websocket-stream/node_modules/through2/node_modules/readable-stream/node_modules/isarray',
138 silly rebuild set   '/home/root/.node_app_slot/node_modules/mqtt/node_modules/websocket-stream/node_modules/through2/node_modules/readable-stream/node_modules/process-nextick-args',
138 silly rebuild set   '/home/root/.node_app_slot/node_modules/mqtt/node_modules/websocket-stream/node_modules/through2/node_modules/readable-stream/node_modules/string_decoder',
138 silly rebuild set   '/home/root/.node_app_slot/node_modules/mqtt/node_modules/websocket-stream/node_modules/through2/node_modules/readable-stream/node_modules/util-deprecate',
138 silly rebuild set   '/home/root/.node_app_slot/node_modules/mqtt/node_modules/websocket-stream/node_modules/ws',
138 silly rebuild set   '/home/root/.node_app_slot/node_modules/mqtt/node_modules/websocket-stream/node_modules/ws/node_modules/options',
138 silly rebuild set   '/home/root/.node_app_slot/node_modules/mqtt/node_modules/websocket-stream/node_modules/ws/node_modules/ultron' ]
139 info build /home/root/.node_app_slot/node_modules/mraa
140 info lifecycle mraa@0.6.2~preinstall: mraa@0.6.2
141 silly lifecycle mraa@0.6.2~preinstall: no script for preinstall, continuing
142 info linkStuff mraa@0.6.2
143 silly linkStuff mraa@0.6.2 has /home/root/.node_app_slot/node_modules as its parent node_modules
144 verbose linkBins mraa@0.6.2
145 verbose linkMans mraa@0.6.2
146 verbose rebuildBundles mraa@0.6.2
147 info lifecycle mraa@0.6.2~install: mraa@0.6.2
148 verbose lifecycle mraa@0.6.2~install: unsafe-perm in lifecycle false
149 verbose lifecycle mraa@0.6.2~install: PATH: /usr/lib/node_modules/npm/bin/node-gyp-bin:/home/root/.node_app_slot/node_modules/mraa/node_modules/.bin:/home/root/.node_app_slot/node_modules/.bin:/usr/bin:/usr/bin:/bin:/usr/sbin:/sbin
150 verbose lifecycle mraa@0.6.2~install: CWD: /home/root/.node_app_slot/node_modules/mraa
151 silly lifecycle mraa@0.6.2~install: Args: [ '-c', 'node-gyp rebuild' ]
152 silly lifecycle mraa@0.6.2~install: Returned: code: 1  signal: null
153 info lifecycle mraa@0.6.2~install: Failed to exec install script
154 verbose stack Error: mraa@0.6.2 install: `node-gyp rebuild`
154 verbose stack Exit status 1
154 verbose stack     at EventEmitter.<anonymous> (/usr/lib/node_modules/npm/lib/utils/lifecycle.js:242:16)
154 verbose stack     at emitTwo (events.js:87:13)
154 verbose stack     at EventEmitter.emit (events.js:172:7)
154 verbose stack     at ChildProcess.<anonymous> (/usr/lib/node_modules/npm/lib/utils/spawn.js:40:14)
154 verbose stack     at emitTwo (events.js:87:13)
154 verbose stack     at ChildProcess.emit (events.js:172:7)
154 verbose stack     at maybeClose (internal/child_process.js:827:16)
154 verbose stack     at Process.ChildProcess._handle.onexit (internal/child_process.js:211:5)
155 verbose pkgid mraa@0.6.2
156 verbose cwd /home/root/.node_app_slot
157 error Linux 3.10.98-poky-edison+
158 error argv "/usr/bin/node" "/usr/bin/npm" "rebuild"
159 error node v4.4.3
160 error npm  v3.10.5
161 error code ELIFECYCLE
162 error mraa@0.6.2 install: `node-gyp rebuild`
162 error Exit status 1
163 error Failed at the mraa@0.6.2 install script 'node-gyp rebuild'.
163 error Make sure you have the latest version of node.js and npm installed.
163 error If you do, this is most likely a problem with the mraa package,
163 error not with npm itself.
163 error Tell the author that this fails on your system:
163 error     node-gyp rebuild
163 error You can get information on how to open an issue for this project with:
163 error     npm bugs mraa
163 error Or if that isn't available, you can get their info via:
163 error     npm owner ls mraa
163 error There is likely additional logging output above.
164 verbose exit [ 1, true ]
